<?xml version="1.0" encoding="UTF-8"?>
<!-- Generated by org.testng.reporters.JUnitReportReporter -->
<testsuite hostname="DESKTOP-VUVQ2E2" failures="0" tests="1" name="org.test.selenium.TestFramework.Tendable" time="11.967" errors="0" timestamp="2024-10-03T18:24:36 IST" skipped="0">
  <testcase classname="org.test.selenium.TestFramework.Tendable" name="verifyContactUsPage" time="11.967"/>
</testsuite> <!-- org.test.selenium.TestFramework.Tendable -->
